TN:
SF:src/app.js
FN:33,(anonymous_0)
FNF:1
FNH:1
FNDA:1,(anonymous_0)
DA:15,6
DA:18,6
DA:19,6
DA:20,6
DA:23,6
DA:26,6
DA:27,6
DA:28,6
DA:29,6
DA:30,6
DA:33,6
DA:34,1
DA:38,6
LF:13
LH:13
BRF:0
BRH:0
end_of_record
TN:
SF:src/middlewares/auth.middleware.js
FN:4,(anonymous_0)
FNF:1
FNH:1
FNDA:74,(anonymous_0)
DA:4,7
DA:5,74
DA:6,74
DA:7,74
DA:9,68
DA:10,68
DA:11,68
DA:12,68
DA:14,7
DA:15,1
LF:10
LH:10
BRDA:7,0,0,6
BRDA:7,0,1,68
BRDA:14,1,0,6
BRDA:14,1,1,1
BRF:4
BRH:4
end_of_record
TN:
SF:src/middlewares/error.middleware.js
FN:1,(anonymous_0)
FNF:1
FNH:1
FNDA:47,(anonymous_0)
DA:1,7
DA:2,47
DA:3,47
DA:5,47
DA:6,1
DA:9,47
LF:6
LH:6
BRDA:2,0,0,47
BRDA:2,0,1,1
BRDA:3,1,0,46
BRDA:3,1,1,1
BRDA:5,2,0,1
BRDA:5,2,1,46
BRDA:12,3,0,47
BRDA:12,3,1,1
BRF:8
BRH:8
end_of_record
TN:
SF:src/middlewares/role.middleware.js
FN:3,(anonymous_0)
FN:3,(anonymous_1)
FNF:2
FNH:2
FNDA:54,(anonymous_0)
FNDA:37,(anonymous_1)
DA:3,54
DA:4,37
DA:5,9
DA:7,28
LF:4
LH:4
BRDA:4,0,0,9
BRDA:4,0,1,28
BRF:2
BRH:2
end_of_record
TN:
SF:src/middlewares/validate.middleware.js
FN:4,(anonymous_0)
FN:4,(anonymous_1)
FN:5,(anonymous_2)
FN:11,(anonymous_3)
FNF:4
FNH:4
FNDA:126,(anonymous_0)
FNDA:60,(anonymous_1)
FNDA:151,(anonymous_2)
FNDA:6,(anonymous_3)
DA:4,126
DA:5,151
DA:7,60
DA:8,60
DA:9,2
DA:11,6
DA:13,2
DA:15,58
LF:8
LH:8
BRDA:8,0,0,2
BRDA:8,0,1,58
BRF:2
BRH:2
end_of_record
TN:
SF:src/modules/account/account.controller.js
FN:4,findAll
FN:13,findMine
FN:22,findById
FN:33,findTransactions
FN:43,create
FN:52,close
FNF:6
FNH:6
FNDA:2,findAll
FNDA:2,findMine
FNDA:4,findById
FNDA:3,findTransactions
FNDA:4,create
FNDA:2,close
DA:3,7
DA:5,2
DA:6,2
DA:7,1
DA:9,1
DA:14,2
DA:15,2
DA:16,1
DA:18,1
DA:23,4
DA:25,4
DA:26,4
DA:27,3
DA:29,1
DA:34,3
DA:35,3
DA:36,3
DA:37,2
DA:39,1
DA:44,4
DA:45,4
DA:46,3
DA:48,1
DA:53,2
DA:54,2
DA:55,1
DA:57,1
LF:27
LH:27
BRDA:25,0,0,2
BRDA:25,0,1,2
BRDA:35,1,0,2
BRDA:35,1,1,1
BRF:4
BRH:4
end_of_record
TN:
SF:src/modules/account/account.routes.js
FNF:0
FNH:0
DA:8,6
DA:10,6
DA:12,6
DA:13,6
DA:14,6
DA:15,6
DA:16,6
DA:17,6
LF:8
LH:8
BRF:0
BRH:0
end_of_record
TN:
SF:src/modules/account/account.service.js
FN:4,(anonymous_0)
FN:11,findAll
FN:21,findMine
FN:31,findById
FN:46,findTransactions
FN:59,create
FN:81,close
FNF:7
FNH:7
FNDA:6,(anonymous_0)
FNDA:2,findAll
FNDA:2,findMine
FNDA:17,findById
FNDA:5,findTransactions
FNDA:8,create
FNDA:5,close
DA:4,7
DA:5,6
DA:6,6
DA:7,6
DA:10,7
DA:12,2
DA:22,2
DA:32,17
DA:33,17
DA:35,17
DA:42,17
DA:43,12
DA:47,5
DA:49,3
DA:60,8
DA:61,8
DA:64,6
DA:66,8
DA:68,8
DA:82,5
DA:84,4
DA:85,2
DA:88,2
LF:23
LH:23
BRDA:31,0,0,17
BRDA:33,1,0,5
BRDA:33,1,1,12
BRDA:42,2,0,5
BRDA:42,2,1,12
BRDA:46,3,0,5
BRDA:61,4,0,2
BRDA:61,4,1,6
BRDA:61,5,0,8
BRDA:61,5,1,6
BRDA:64,6,0,2
BRDA:64,6,1,4
BRDA:64,7,0,6
BRDA:64,7,1,2
BRDA:71,8,0,8
BRDA:71,8,1,6
BRDA:84,9,0,2
BRDA:84,9,1,2
BRF:18
BRH:18
end_of_record
TN:
SF:src/modules/account/account.validator.js
FNF:0
FNH:0
DA:3,6
LF:1
LH:1
BRF:0
BRH:0
end_of_record
TN:
SF:src/modules/auth/auth.controller.js
FN:4,login
FN:13,changePassword
FNF:2
FNH:2
FNDA:7,login
FNDA:2,changePassword
DA:3,6
DA:5,7
DA:6,7
DA:7,4
DA:9,3
DA:14,2
DA:15,2
DA:16,1
DA:18,1
LF:9
LH:9
BRF:0
BRH:0
end_of_record
TN:
SF:src/modules/auth/auth.routes.js
FNF:0
FNH:0
DA:7,6
DA:9,6
DA:10,6
LF:3
LH:3
BRF:0
BRH:0
end_of_record
TN:
SF:src/modules/auth/auth.service.js
FN:7,login
FN:29,changePassword
FNF:2
FNH:2
FNDA:92,login
FNDA:5,changePassword
DA:6,7
DA:8,92
DA:9,92
DA:11,88
DA:12,88
DA:14,86
DA:15,86
DA:30,5
DA:31,5
DA:33,4
DA:34,4
DA:36,2
DA:37,2
LF:13
LH:13
BRDA:9,0,0,4
BRDA:9,0,1,88
BRDA:9,1,0,92
BRDA:9,1,1,90
BRDA:12,2,0,2
BRDA:12,2,1,86
BRDA:31,3,0,1
BRDA:31,3,1,4
BRDA:34,4,0,2
BRDA:34,4,1,2
BRF:10
BRH:10
end_of_record
TN:
SF:src/modules/auth/auth.validator.js
FNF:0
FNH:0
DA:3,6
LF:1
LH:1
BRF:0
BRH:0
end_of_record
TN:
SF:src/modules/bank/bank.controller.js
FN:4,findAll
FN:13,findById
FN:22,create
FN:31,update
FN:40,toggleActive
FNF:5
FNH:5
FNDA:2,findAll
FNDA:2,findById
FNDA:3,create
FNDA:2,update
FNDA:2,toggleActive
DA:3,7
DA:5,2
DA:6,2
DA:7,1
DA:9,1
DA:14,2
DA:15,2
DA:16,1
DA:18,1
DA:23,3
DA:24,3
DA:25,1
DA:27,2
DA:32,2
DA:33,2
DA:34,1
DA:36,1
DA:41,2
DA:42,2
DA:43,1
DA:45,1
LF:21
LH:21
BRF:0
BRH:0
end_of_record
TN:
SF:src/modules/bank/bank.routes.js
FNF:0
FNH:0
DA:8,6
DA:10,6
DA:11,6
DA:12,6
DA:13,6
DA:14,6
LF:6
LH:6
BRF:0
BRH:0
end_of_record
TN:
SF:src/modules/bank/bank.service.js
FN:5,findAll
FN:12,findById
FN:18,create
FN:29,update
FN:45,toggleActive
FNF:5
FNH:5
FNDA:2,findAll
FNDA:16,findById
FNDA:6,create
FNDA:8,update
FNDA:4,toggleActive
DA:4,7
DA:6,2
DA:13,16
DA:14,16
DA:15,10
DA:19,6
DA:20,6
DA:22,4
DA:23,2
DA:26,2
DA:30,8
DA:32,6
DA:33,2
DA:34,1
DA:36,4
DA:37,1
DA:38,3
DA:39,1
DA:42,3
DA:46,4
DA:47,2
LF:21
LH:21
BRDA:14,0,0,6
BRDA:14,0,1,10
BRDA:20,1,0,2
BRDA:20,1,1,4
BRDA:22,2,0,2
BRDA:22,2,1,2
BRDA:32,3,0,2
BRDA:32,3,1,4
BRDA:32,4,0,6
BRDA:32,4,1,3
BRDA:33,5,0,1
BRDA:33,5,1,1
BRDA:36,6,0,1
BRDA:36,6,1,3
BRDA:36,7,0,4
BRDA:36,7,1,1
BRDA:38,8,0,1
BRDA:38,8,1,2
BRDA:38,9,0,3
BRDA:38,9,1,1
BRF:20
BRH:20
end_of_record
TN:
SF:src/modules/bank/bank.validator.js
FNF:0
FNH:0
DA:3,6
LF:1
LH:1
BRF:0
BRH:0
end_of_record
TN:
SF:src/modules/transaction/transaction.controller.js
FN:4,transfer
FN:13,deposit
FN:22,withdraw
FN:31,findAll
FN:40,findById
FN:49,findByReference
FN:58,updateStatus
FNF:7
FNH:7
FNDA:5,transfer
FNDA:2,deposit
FNDA:3,withdraw
FNDA:2,findAll
FNDA:2,findById
FNDA:2,findByReference
FNDA:2,updateStatus
DA:3,7
DA:5,5
DA:6,5
DA:7,1
DA:9,4
DA:14,2
DA:15,2
DA:16,1
DA:18,1
DA:23,3
DA:24,3
DA:25,1
DA:27,2
DA:32,2
DA:33,2
DA:34,1
DA:36,1
DA:41,2
DA:42,2
DA:43,1
DA:45,1
DA:50,2
DA:51,2
DA:52,1
DA:54,1
DA:59,2
DA:60,2
DA:61,1
DA:63,1
LF:29
LH:29
BRF:0
BRH:0
end_of_record
TN:
SF:src/modules/transaction/transaction.routes.js
FNF:0
FNH:0
DA:8,6
DA:10,6
DA:12,6
DA:13,6
DA:14,6
DA:15,6
DA:16,6
DA:17,6
DA:18,6
LF:9
LH:9
BRF:0
BRH:0
end_of_record
TN:
SF:src/modules/transaction/transaction.service.js
FN:7,transfer
FN:39,(anonymous_1)
FN:90,deposit
FN:96,(anonymous_3)
FN:121,withdraw
FN:144,(anonymous_5)
FN:169,findAll
FN:180,findById
FN:193,findByReference
FN:207,updateStatus
FNF:10
FNH:10
FNDA:15,transfer
FNDA:4,(anonymous_1)
FNDA:4,deposit
FNDA:2,(anonymous_3)
FNDA:9,withdraw
FNDA:2,(anonymous_5)
FNDA:2,findAll
FNDA:8,findById
FNDA:4,findByReference
FNDA:4,updateStatus
DA:6,7
DA:8,15
DA:12,15
DA:15,14
DA:16,2
DA:19,12
DA:23,12
DA:24,11
DA:26,9
DA:27,9
DA:28,8
DA:30,6
DA:31,6
DA:33,6
DA:34,2
DA:37,4
DA:39,4
DA:40,4
DA:45,4
DA:50,4
DA:67,4
DA:84,4
DA:87,4
DA:91,4
DA:92,4
DA:94,2
DA:96,2
DA:97,2
DA:102,2
DA:122,9
DA:126,9
DA:128,8
DA:129,2
DA:132,6
DA:133,6
DA:134,5
DA:136,4
DA:138,4
DA:139,2
DA:142,2
DA:144,2
DA:145,2
DA:150,2
DA:170,2
DA:181,8
DA:189,8
DA:190,4
DA:194,4
DA:203,4
DA:204,2
DA:208,4
DA:209,2
LF:52
LH:52
BRDA:12,0,0,1
BRDA:12,0,1,14
BRDA:15,1,0,2
BRDA:15,1,1,12
BRDA:15,2,0,14
BRDA:15,2,1,14
BRDA:23,3,0,1
BRDA:23,3,1,11
BRDA:24,4,0,2
BRDA:24,4,1,9
BRDA:27,5,0,1
BRDA:27,5,1,8
BRDA:28,6,0,2
BRDA:28,6,1,6
BRDA:33,7,0,2
BRDA:33,7,1,4
BRDA:62,8,0,4
BRDA:62,8,1,4
BRDA:79,9,0,4
BRDA:79,9,1,4
BRDA:92,10,0,2
BRDA:92,10,1,2
BRDA:114,11,0,2
BRDA:114,11,1,2
BRDA:126,12,0,1
BRDA:126,12,1,8
BRDA:128,13,0,2
BRDA:128,13,1,6
BRDA:128,14,0,8
BRDA:128,14,1,8
BRDA:133,15,0,1
BRDA:133,15,1,5
BRDA:134,16,0,1
BRDA:134,16,1,4
BRDA:138,17,0,2
BRDA:138,17,1,2
BRDA:162,18,0,2
BRDA:162,18,1,2
BRDA:189,19,0,4
BRDA:189,19,1,4
BRDA:203,20,0,2
BRDA:203,20,1,2
BRF:42
BRH:42
end_of_record
TN:
SF:src/modules/transaction/transaction.validator.js
FNF:0
FNH:0
DA:3,6
LF:1
LH:1
BRF:0
BRH:0
end_of_record
TN:
SF:src/modules/user/user.controller.js
FN:4,create
FN:13,findAll
FN:22,findById
FN:31,update
FN:40,toggleActive
FN:49,delete
FNF:6
FNH:6
FNDA:2,create
FNDA:2,findAll
FNDA:3,findById
FNDA:2,update
FNDA:2,toggleActive
FNDA:2,delete
DA:3,7
DA:5,2
DA:6,2
DA:7,1
DA:9,1
DA:14,2
DA:15,2
DA:16,1
DA:18,1
DA:23,3
DA:24,3
DA:25,1
DA:27,2
DA:32,2
DA:33,2
DA:34,1
DA:36,1
DA:41,2
DA:42,2
DA:43,1
DA:45,1
DA:50,2
DA:51,2
DA:52,1
DA:54,1
LF:25
LH:25
BRF:0
BRH:0
end_of_record
TN:
SF:src/modules/user/user.routes.js
FNF:0
FNH:0
DA:8,6
DA:10,6
DA:12,6
DA:13,6
DA:14,6
DA:15,6
DA:16,6
DA:17,6
LF:8
LH:8
BRF:0
BRH:0
end_of_record
TN:
SF:src/modules/user/user.service.js
FN:16,create
FN:29,findAll
FN:33,findById
FN:39,update
FN:54,toggleActive
FN:63,delete
FNF:6
FNH:6
FNDA:4,create
FNDA:2,findAll
FNDA:18,findById
FNDA:5,update
FNDA:4,toggleActive
FNDA:4,delete
DA:5,7
DA:15,7
DA:17,4
DA:20,4
DA:22,2
DA:23,2
DA:30,2
DA:34,18
DA:35,18
DA:36,10
DA:40,5
DA:42,4
DA:43,3
DA:44,3
DA:47,2
DA:55,4
DA:56,2
DA:64,4
DA:65,2
LF:19
LH:19
BRDA:20,0,0,2
BRDA:20,0,1,2
BRDA:35,1,0,8
BRDA:35,1,1,10
BRDA:42,2,0,3
BRDA:42,2,1,1
BRDA:44,3,0,2
BRDA:44,3,1,1
BRDA:44,4,0,3
BRDA:44,4,1,2
BRF:10
BRH:10
end_of_record
TN:
SF:src/modules/user/user.validator.js
FNF:0
FNH:0
DA:3,6
LF:1
LH:1
BRF:0
BRH:0
end_of_record
TN:
SF:src/utils/apiError.js
FN:2,constructor
FNF:1
FNH:1
FNDA:88,constructor
DA:3,88
DA:4,88
DA:5,88
LF:3
LH:3
BRF:0
BRH:0
end_of_record
TN:
SF:src/utils/fee.js
FN:8,(anonymous_0)
FN:30,(anonymous_1)
FNF:2
FNH:2
FNDA:15,(anonymous_0)
FNDA:8,(anonymous_1)
DA:8,8
DA:9,15
DA:15,15
DA:16,15
DA:18,14
DA:19,14
DA:21,14
DA:30,8
DA:31,8
LF:9
LH:9
BRDA:16,0,0,1
BRDA:16,0,1,14
BRDA:31,1,0,6
BRDA:31,1,1,2
BRF:4
BRH:4
end_of_record
TN:
SF:src/utils/hash.js
FN:5,(anonymous_0)
FN:7,(anonymous_1)
FNF:2
FNH:2
FNDA:108,(anonymous_0)
FNDA:94,(anonymous_1)
DA:3,9
DA:5,108
DA:7,94
LF:3
LH:3
BRF:0
BRH:0
end_of_record
TN:
SF:src/utils/jwt.js
FN:6,(anonymous_0)
FN:8,(anonymous_1)
FNF:2
FNH:2
FNDA:89,(anonymous_0)
FNDA:71,(anonymous_1)
DA:3,10
DA:4,10
DA:6,89
DA:8,71
LF:4
LH:4
BRDA:4,0,0,10
BRDA:4,0,1,1
BRF:2
BRH:2
end_of_record
